<?xml version="1.0" encoding="UTF-8" ?>
<testsuite tests="24" failures="0" name="com.example.LionTest" time="0.1" errors="0" skipped="0">
  <properties>
    <property name="idea.version" value="2023.1.3"/>
    <property name="java.runtime.name" value="OpenJDK Runtime Environment"/>
    <property name="java.vm.version" value="11.0.19+7-LTS"/>
    <property name="sun.boot.library.path" value="C:\Program Files\Amazon Corretto\jdk11.0.19_7\bin"/>
    <property name="maven.multiModuleProjectDirectory" value="C:\Users\Vasiliy\Desktop\AutoTJava\projects\Sprint6Project"/>
    <property name="java.vm.vendor" value="Amazon.com Inc."/>
    <property name="java.vendor.url" value="https://aws.amazon.com/corretto/"/>
    <property name="guice.disable.misplaced.annotation.check" value="true"/>
    <property name="path.separator" value=";"/>
    <property name="java.vm.name" value="OpenJDK 64-Bit Server VM"/>
    <property name="sun.os.patch.level" value=""/>
    <property name="user.script" value=""/>
    <property name="user.country" value="US"/>
    <property name="sun.java.launcher" value="SUN_STANDARD"/>
    <property name="java.vm.specification.name" value="Java Virtual Machine Specification"/>
    <property name="user.dir" value="C:\Users\Vasiliy\Desktop\AutoTJava\projects\Sprint6Project"/>
    <property name="java.vm.compressedOopsMode" value="32-bit"/>
    <property name="java.runtime.version" value="11.0.19+7-LTS"/>
    <property name="java.awt.graphicsenv" value="sun.awt.Win32GraphicsEnvironment"/>
    <property name="os.arch" value="amd64"/>
    <property name="java.io.tmpdir" value="C:\Users\Vasiliy\AppData\Local\Temp\"/>
    <property name="line.separator" value="
"/>
    <property name="java.vm.specification.vendor" value="Oracle Corporation"/>
    <property name="user.variant" value=""/>
    <property name="os.name" value="Windows 10"/>
    <property name="maven.ext.class.path" value="C:\Program Files\JetBrains\IntelliJ IDEA Community Edition 2023.1.3\plugins\maven\lib\maven-event-listener.jar"/>
    <property name="classworlds.conf" value="C:\Program Files\JetBrains\IntelliJ IDEA Community Edition 2023.1.3\plugins\maven\lib\maven3\bin\m2.conf"/>
    <property name="sun.jnu.encoding" value="Cp1251"/>
    <property name="java.library.path" value="C:\Program Files\Amazon Corretto\jdk11.0.19_7\bin;C:\WINDOWS\Sun\Java\bin;C:\WINDOWS\system32;C:\WINDOWS;C:\Program Files\Amazon Corretto\jdk11.0.19_7\bin;C:\Program Files\NVIDIA GPU Computing Toolkit\CUDA\v11.0\bin;C:\Program Files\NVIDIA GPU Computing Toolkit\CUDA\v11.0\libnvvp;C:\Program Files\Microsoft MPI\Bin\;C:\Windows\system32;C:\Windows;C:\Windows\System32\Wbem;C:\Windows\System32\WindowsPowerShell\v1.0\;C:\Windows\System32\OpenSSH\;C:\Program Files (x86)\NVIDIA Corporation\PhysX\Common;C:\Program Files\NVIDIA Corporation\NVIDIA NvDLISR;C:\Program Files\dotnet\;C:\Program Files\Microsoft SQL Server\130\Tools\Binn\;C:\Program Files\nodejs\;C:\Program Files\NVIDIA Corporation\Nsight Compute 2020.1.1\;C:\WINDOWS\system32;C:\WINDOWS;C:\WINDOWS\System32\Wbem;C:\WINDOWS\System32\WindowsPowerShell\v1.0\;C:\WINDOWS\System32\OpenSSH\;C:\Program Files\apache-maven-3.9.3\bin;C:\Program Files\Git\cmd;C:\Program Files\Git\mingw64\bin;C:\Program Files\Git\usr\bin;C:\WebDriver\bin;C:\Users\Vasiliy\AppData\Local\Microsoft\WindowsApps;C:\Program Files\JetBrains\IntelliJ IDEA Community Edition 2019.3.2\bin;C:\Users\Vasiliy\AppData\Local\Programs\Microsoft VS Code\bin;C:\Users\Vasiliy\AppData\Roaming\npm;C:\Users\Vasiliy\.dotnet\tools;C:\Users\Vasiliy\AppData\Local\gitkraken\bin;C:\Users\Vasiliy\AppData\Local\Microsoft\WindowsApps;C:\Program Files\JetBrains\IntelliJ IDEA Community Edition 2023.1.3\bin;;C:\Program Files\apache-maven-3.9.3\bin;C:\WebDriver\bin;;."/>
    <property name="jansi.passthrough" value="true"/>
    <property name="maven.conf" value="C:\Program Files\JetBrains\IntelliJ IDEA Community Edition 2023.1.3\plugins\maven\lib\maven3/conf"/>
    <property name="jdk.debug" value="release"/>
    <property name="java.class.version" value="55.0"/>
    <property name="java.specification.name" value="Java Platform API Specification"/>
    <property name="sun.management.compiler" value="HotSpot 64-Bit Tiered Compilers"/>
    <property name="os.version" value="10.0"/>
    <property name="user.home" value="C:\Users\Vasiliy"/>
    <property name="user.timezone" value="Europe/Moscow"/>
    <property name="java.awt.printerjob" value="sun.awt.windows.WPrinterJob"/>
    <property name="file.encoding" value="UTF-8"/>
    <property name="java.specification.version" value="11"/>
    <property name="user.name" value="Vasiliy"/>
    <property name="java.class.path" value="C:\Program Files\JetBrains\IntelliJ IDEA Community Edition 2023.1.3\plugins\maven\lib\maven3\boot\plexus-classworlds-2.6.0.jar;C:\Program Files\JetBrains\IntelliJ IDEA Community Edition 2023.1.3\plugins\maven\lib\maven3\boot\plexus-classworlds.license"/>
    <property name="java.vm.specification.version" value="11"/>
    <property name="sun.arch.data.model" value="64"/>
    <property name="sun.java.command" value="org.codehaus.classworlds.Launcher -Didea.version=2023.1.3 verify"/>
    <property name="java.home" value="C:\Program Files\Amazon Corretto\jdk11.0.19_7"/>
    <property name="user.language" value="en"/>
    <property name="java.specification.vendor" value="Oracle Corporation"/>
    <property name="awt.toolkit" value="sun.awt.windows.WToolkit"/>
    <property name="java.vm.info" value="mixed mode"/>
    <property name="java.version" value="11.0.19"/>
    <property name="java.vendor" value="Amazon.com Inc."/>
    <property name="maven.home" value="C:\Program Files\JetBrains\IntelliJ IDEA Community Edition 2023.1.3\plugins\maven\lib\maven3"/>
    <property name="file.separator" value="\"/>
    <property name="java.version.date" value="2023-04-18"/>
    <property name="java.vendor.url.bug" value="https://github.com/corretto/corretto-11/issues/"/>
    <property name="sun.io.unicode.encoding" value="UnicodeLittle"/>
    <property name="sun.cpu.endian" value="little"/>
    <property name="java.vendor.version" value="Corretto-11.0.19.7.1"/>
    <property name="sun.desktop" value="windows"/>
    <property name="sun.cpu.isalist" value="amd64"/>
  </properties>
  <testcase classname="com.example.LionTest" name="getFoodTest[0]" time="0.029"/>
  <testcase classname="com.example.LionTest" name="doesHaveManeTest[0]" time="0.002"/>
  <testcase classname="com.example.LionTest" name="getKittensTest[0]" time="0.003"/>
  <testcase classname="com.example.LionTest" name="getFoodTest[1]" time="0.004"/>
  <testcase classname="com.example.LionTest" name="doesHaveManeTest[1]" time="0.001"/>
  <testcase classname="com.example.LionTest" name="getKittensTest[1]" time="0.004"/>
  <testcase classname="com.example.LionTest" name="getFoodTest[2]" time="0.004"/>
  <testcase classname="com.example.LionTest" name="doesHaveManeTest[2]" time="0.001"/>
  <testcase classname="com.example.LionTest" name="getKittensTest[2]" time="0.002"/>
  <testcase classname="com.example.LionTest" name="getFoodTest[3]" time="0.006"/>
  <testcase classname="com.example.LionTest" name="doesHaveManeTest[3]" time="0.002"/>
  <testcase classname="com.example.LionTest" name="getKittensTest[3]" time="0.004"/>
  <testcase classname="com.example.LionTest" name="getFoodTest[4]" time="0.005"/>
  <testcase classname="com.example.LionTest" name="doesHaveManeTest[4]" time="0.001"/>
  <testcase classname="com.example.LionTest" name="getKittensTest[4]" time="0.005"/>
  <testcase classname="com.example.LionTest" name="getFoodTest[5]" time="0.006"/>
  <testcase classname="com.example.LionTest" name="doesHaveManeTest[5]" time="0.001"/>
  <testcase classname="com.example.LionTest" name="getKittensTest[5]" time="0.004"/>
  <testcase classname="com.example.LionTest" name="getFoodTest[6]" time="0.006"/>
  <testcase classname="com.example.LionTest" name="doesHaveManeTest[6]" time="0.001"/>
  <testcase classname="com.example.LionTest" name="getKittensTest[6]" time="0.003"/>
  <testcase classname="com.example.LionTest" name="getFoodTest[7]" time="0.003"/>
  <testcase classname="com.example.LionTest" name="doesHaveManeTest[7]" time="0.001"/>
  <testcase classname="com.example.LionTest" name="getKittensTest[7]" time="0.002"/>
</testsuite>